Added Component: Designator=BM1(electret_micro)
Added Pin To Net: NetName=GND Pin=BM1-1
Added Pin To Net: NetName=NetBM1_2 Pin=BM1-2
Add Pin To Net: Unknown Pin: Pin C1-1
Add Pin To Net: Unknown Pin: Pin C1-2
Add Pin To Net: Unknown Pin: Pin C2-1
Add Pin To Net: Unknown Pin: Pin C2-2
Add Pin To Net: Unknown Pin: Pin C3-1
Add Pin To Net: Unknown Pin: Pin C3-2
Add Pin To Net: Unknown Pin: Pin C4-1
Add Pin To Net: Unknown Pin: Pin C4-2
Add Pin To Net: Unknown Pin: Pin C5-1
Add Pin To Net: Unknown Pin: Pin C5-2
Add Pin To Net: Unknown Pin: Pin C6-1
Add Pin To Net: Unknown Pin: Pin C6-2
Add Pin To Net: Unknown Pin: Pin C7-1
Add Pin To Net: Unknown Pin: Pin C7-2
Add Pin To Net: Unknown Pin: Pin C8-1
Add Pin To Net: Unknown Pin: Pin C8-2
Add Pin To Net: Unknown Pin: Pin C9-1
Add Pin To Net: Unknown Pin: Pin C9-2
Add Pin To Net: Unknown Pin: Pin C10-1
Add Pin To Net: Unknown Pin: Pin C10-2
Add Pin To Net: Unknown Pin: Pin DA1-2
Add Pin To Net: Unknown Pin: Pin DA1-3
Add Pin To Net: Unknown Pin: Pin DA1-4
Add Pin To Net: Unknown Pin: Pin DA1-6
Add Pin To Net: Unknown Pin: Pin DA1-7
Add Pin To Net: Unknown Pin: Pin DD1-1
Add Pin To Net: Unknown Pin: Pin DD1-2
Add Pin To Net: Unknown Pin: Pin DD1-3
Add Pin To Net: Unknown Pin: Pin DD1-4
Add Pin To Net: Unknown Pin: Pin DD1-5
Add Pin To Net: Unknown Pin: Pin DD1-6
Add Pin To Net: Unknown Pin: Pin DD1-7
Add Pin To Net: Unknown Pin: Pin DD1-8
Add Pin To Net: Unknown Pin: Pin DD1-9
Add Pin To Net: Unknown Pin: Pin DD1-10
Add Pin To Net: Unknown Pin: Pin DD1-11
Add Pin To Net: Unknown Pin: Pin DD1-12
Add Pin To Net: Unknown Pin: Pin DD1-13
Add Pin To Net: Unknown Pin: Pin DD1-14
Add Pin To Net: Unknown Pin: Pin DD2-3
Add Pin To Net: Unknown Pin: Pin DD2-8
Add Pin To Net: Unknown Pin: Pin DD2-9
Add Pin To Net: Unknown Pin: Pin DD2-11
Add Pin To Net: Unknown Pin: Pin DD2-13
Add Pin To Net: Unknown Pin: Pin DD2-14
Add Pin To Net: Unknown Pin: Pin DD2-15
Add Pin To Net: Unknown Pin: Pin DD2-16
Add Pin To Net: Unknown Pin: Pin R1-1
Add Pin To Net: Unknown Pin: Pin R1-2
Add Pin To Net: Unknown Pin: Pin R2-1
Add Pin To Net: Unknown Pin: Pin R2-2
Add Pin To Net: Unknown Pin: Pin R3-1
Add Pin To Net: Unknown Pin: Pin R3-2
Add Pin To Net: Unknown Pin: Pin R4-1
Add Pin To Net: Unknown Pin: Pin R4-2
Add Pin To Net: Unknown Pin: Pin R5-1
Add Pin To Net: Unknown Pin: Pin R5-2
Add Pin To Net: Unknown Pin: Pin R5-3
Add Pin To Net: Unknown Pin: Pin R6-1
Add Pin To Net: Unknown Pin: Pin R6-2
Add Pin To Net: Unknown Pin: Pin R7-1
Add Pin To Net: Unknown Pin: Pin R7-2
Add Pin To Net: Unknown Pin: Pin R8-1
Add Pin To Net: Unknown Pin: Pin R8-2
Add Pin To Net: Unknown Pin: Pin R9-1
Add Pin To Net: Unknown Pin: Pin R9-2
Add Pin To Net: Unknown Pin: Pin R10-1
Add Pin To Net: Unknown Pin: Pin R10-2
Add Pin To Net: Unknown Pin: Pin VD1-1
Add Pin To Net: Unknown Pin: Pin VD1-2
Add Pin To Net: Unknown Pin: Pin VD2-1
Add Pin To Net: Unknown Pin: Pin VD2-2
Add Pin To Net: Unknown Pin: Pin VT1-1
Add Pin To Net: Unknown Pin: Pin VT1-2
Add Pin To Net: Unknown Pin: Pin VT1-3
Add Pin To Net: Unknown Pin: Pin XP1-1
Add Pin To Net: Unknown Pin: Pin XP1-2
Add Pin To Net: Unknown Pin: Pin XP2-1
Add Pin To Net: Unknown Pin: Pin XP2-2
Added Member To Class: ClassName=SchemeAcSensor Member=Component BM1 Micro
Add Class Member: Failed to add class member : Component C1 470 mF
Add Class Member: Failed to add class member : Component C2 Capacitor
Add Class Member: Failed to add class member : Component C3 Capacitor_polar
Add Class Member: Failed to add class member : Component C4 Capacitor_polar
Add Class Member: Failed to add class member : Component C5 Capacitor_polar
Add Class Member: Failed to add class member : Component C6 Capacitor_polar
Add Class Member: Failed to add class member : Component C7 Capacitor
Add Class Member: Failed to add class member : Component C8 Capacitor
Add Class Member: Failed to add class member : Component C9 Capacitor
Add Class Member: Failed to add class member : Component C10 Capacitor
Add Class Member: Failed to add class member : Component DA1 OperationalAmplifire
Add Class Member: Failed to add class member : Component DD1 DD1.1
Add Class Member: Failed to add class member : Component DD2 CD4017
Add Class Member: Failed to add class member : Component R1 Res
Add Class Member: Failed to add class member : Component R2 Res
Add Class Member: Failed to add class member : Component R3 Res
Add Class Member: Failed to add class member : Component R4 Res
Add Class Member: Failed to add class member : Component R5 Potentiometer
Add Class Member: Failed to add class member : Component R6 Res
Add Class Member: Failed to add class member : Component R7 Res
Add Class Member: Failed to add class member : Component R8 Res
Add Class Member: Failed to add class member : Component R9 Res
Add Class Member: Failed to add class member : Component R10 Res
Add Class Member: Failed to add class member : Component VD1 Diod
Add Class Member: Failed to add class member : Component VD2 Diod
Add Class Member: Failed to add class member : Component VT1 NPN
Add Class Member: Failed to add class member : Component XP1 InputOutput
Add Class Member: Failed to add class member : Component XP2 InputOutput
Added Room: Name=SchemeAcSensor
