Replace Part BM1 Micro in F:\AltiumD\NewFolderForProject\KursovayaEkatPerevozchikova\AcousticSensor\SchemeAcSensor.SchDoc with Micro from Schlib2.SchLib
Replace Part C1 Capacitor_polar in F:\AltiumD\NewFolderForProject\KursovayaEkatPerevozchikova\AcousticSensor\SchemeAcSensor.SchDoc with Capacitor_polar from Schlib2.SchLib
Replace Part C2 Capacitor in F:\AltiumD\NewFolderForProject\KursovayaEkatPerevozchikova\AcousticSensor\SchemeAcSensor.SchDoc with Capacitor from Schlib2.SchLib
Replace Part C3 Capacitor_polar in F:\AltiumD\NewFolderForProject\KursovayaEkatPerevozchikova\AcousticSensor\SchemeAcSensor.SchDoc with Capacitor_polar from Schlib2.SchLib
Replace Part C4 Capacitor_polar in F:\AltiumD\NewFolderForProject\KursovayaEkatPerevozchikova\AcousticSensor\SchemeAcSensor.SchDoc with Capacitor_polar from Schlib2.SchLib
Replace Part C5 Capacitor_polar in F:\AltiumD\NewFolderForProject\KursovayaEkatPerevozchikova\AcousticSensor\SchemeAcSensor.SchDoc with Capacitor_polar from Schlib2.SchLib
Replace Part C6 Capacitor_polar in F:\AltiumD\NewFolderForProject\KursovayaEkatPerevozchikova\AcousticSensor\SchemeAcSensor.SchDoc with Capacitor_polar from Schlib2.SchLib
Replace Part C7 Capacitor in F:\AltiumD\NewFolderForProject\KursovayaEkatPerevozchikova\AcousticSensor\SchemeAcSensor.SchDoc with Capacitor from Schlib2.SchLib
Replace Part C8 Capacitor in F:\AltiumD\NewFolderForProject\KursovayaEkatPerevozchikova\AcousticSensor\SchemeAcSensor.SchDoc with Capacitor from Schlib2.SchLib
Replace Part C9 Capacitor in F:\AltiumD\NewFolderForProject\KursovayaEkatPerevozchikova\AcousticSensor\SchemeAcSensor.SchDoc with Capacitor from Schlib2.SchLib
Replace Part C10 Capacitor in F:\AltiumD\NewFolderForProject\KursovayaEkatPerevozchikova\AcousticSensor\SchemeAcSensor.SchDoc with Capacitor from Schlib2.SchLib
Replace Part DA1 OperationalAmplifire in F:\AltiumD\NewFolderForProject\KursovayaEkatPerevozchikova\AcousticSensor\SchemeAcSensor.SchDoc with OperationalAmplifire from Schlib2.SchLib
Replace Part DD1 CD4001B in F:\AltiumD\NewFolderForProject\KursovayaEkatPerevozchikova\AcousticSensor\SchemeAcSensor.SchDoc with CD4001B from Schlib2.SchLib
Replace Part DD1 CD4001B in F:\AltiumD\NewFolderForProject\KursovayaEkatPerevozchikova\AcousticSensor\SchemeAcSensor.SchDoc with CD4001B from Schlib2.SchLib
Replace Part DD1 CD4001B in F:\AltiumD\NewFolderForProject\KursovayaEkatPerevozchikova\AcousticSensor\SchemeAcSensor.SchDoc with CD4001B from Schlib2.SchLib
Replace Part DD1 CD4001B in F:\AltiumD\NewFolderForProject\KursovayaEkatPerevozchikova\AcousticSensor\SchemeAcSensor.SchDoc with CD4001B from Schlib2.SchLib
Replace Part DD2 CD4017 in F:\AltiumD\NewFolderForProject\KursovayaEkatPerevozchikova\AcousticSensor\SchemeAcSensor.SchDoc with CD4017 from Schlib2.SchLib
Replace Part R1 Res in F:\AltiumD\NewFolderForProject\KursovayaEkatPerevozchikova\AcousticSensor\SchemeAcSensor.SchDoc with Res from Schlib2.SchLib
Replace Part R2 Res in F:\AltiumD\NewFolderForProject\KursovayaEkatPerevozchikova\AcousticSensor\SchemeAcSensor.SchDoc with Res from Schlib2.SchLib
Replace Part R3 Res in F:\AltiumD\NewFolderForProject\KursovayaEkatPerevozchikova\AcousticSensor\SchemeAcSensor.SchDoc with Res from Schlib2.SchLib
Replace Part R4 Res in F:\AltiumD\NewFolderForProject\KursovayaEkatPerevozchikova\AcousticSensor\SchemeAcSensor.SchDoc with Res from Schlib2.SchLib
Replace Part R5 Potentiometer in F:\AltiumD\NewFolderForProject\KursovayaEkatPerevozchikova\AcousticSensor\SchemeAcSensor.SchDoc with Potentiometer from Schlib2.SchLib
Replace Part R6 Res in F:\AltiumD\NewFolderForProject\KursovayaEkatPerevozchikova\AcousticSensor\SchemeAcSensor.SchDoc with Res from Schlib2.SchLib
Replace Part R7 Res in F:\AltiumD\NewFolderForProject\KursovayaEkatPerevozchikova\AcousticSensor\SchemeAcSensor.SchDoc with Res from Schlib2.SchLib
Replace Part R8 Res in F:\AltiumD\NewFolderForProject\KursovayaEkatPerevozchikova\AcousticSensor\SchemeAcSensor.SchDoc with Res from Schlib2.SchLib
Replace Part R9 Res in F:\AltiumD\NewFolderForProject\KursovayaEkatPerevozchikova\AcousticSensor\SchemeAcSensor.SchDoc with Res from Schlib2.SchLib
Replace Part R10 Res in F:\AltiumD\NewFolderForProject\KursovayaEkatPerevozchikova\AcousticSensor\SchemeAcSensor.SchDoc with Res from Schlib2.SchLib
Replace Part VD1 Diod in F:\AltiumD\NewFolderForProject\KursovayaEkatPerevozchikova\AcousticSensor\SchemeAcSensor.SchDoc with Diod from Schlib2.SchLib
Replace Part VD2 Diod in F:\AltiumD\NewFolderForProject\KursovayaEkatPerevozchikova\AcousticSensor\SchemeAcSensor.SchDoc with Diod from Schlib2.SchLib
Replace Part VT1 NPN in F:\AltiumD\NewFolderForProject\KursovayaEkatPerevozchikova\AcousticSensor\SchemeAcSensor.SchDoc with NPN from Schlib2.SchLib
Replace Part XP1 InputOutput in F:\AltiumD\NewFolderForProject\KursovayaEkatPerevozchikova\AcousticSensor\SchemeAcSensor.SchDoc with InputOutput from Schlib2.SchLib
Replace Part XP2 InputOutput in F:\AltiumD\NewFolderForProject\KursovayaEkatPerevozchikova\AcousticSensor\SchemeAcSensor.SchDoc with InputOutput from Schlib2.SchLib
